<?xml version="1.0" encoding="UTF-8" ?>
<testsuite failures="0" time="0.014" errors="0" skipped="0" tests="1" name="com.redhat.engineering.jenkins.testparser.AppTest">
  <properties>
    <property name="java.runtime.name" value="OpenJDK Runtime Environment"/>
    <property name="sun.boot.library.path" value="/usr/lib/jvm/java-1.6.0-openjdk-1.6.0.0.x86_64/jre/lib/amd64"/>
    <property name="java.vm.version" value="20.0-b12"/>
    <property name="java.vm.vendor" value="Sun Microsystems Inc."/>
    <property name="java.vendor.url" value="http://java.sun.com/"/>
    <property name="path.separator" value=":"/>
    <property name="java.vm.name" value="OpenJDK 64-Bit Server VM"/>
    <property name="file.encoding.pkg" value="sun.io"/>
    <property name="user.country" value="US"/>
    <property name="sun.java.launcher" value="SUN_STANDARD"/>
    <property name="sun.os.patch.level" value="unknown"/>
    <property name="java.vm.specification.name" value="Java Virtual Machine Specification"/>
    <property name="user.dir" value="/home/asaleh/NetBeansProjects/TestParser"/>
    <property name="java.runtime.version" value="1.6.0_24-b24"/>
    <property name="java.awt.graphicsenv" value="sun.awt.X11GraphicsEnvironment"/>
    <property name="basedir" value="/home/asaleh/NetBeansProjects/TestParser"/>
    <property name="java.endorsed.dirs" value="/usr/lib/jvm/java-1.6.0-openjdk-1.6.0.0.x86_64/jre/lib/endorsed"/>
    <property name="os.arch" value="amd64"/>
    <property name="surefire.real.class.path" value="/tmp/surefirebooter6379772728929932344.jar"/>
    <property name="java.io.tmpdir" value="/tmp"/>
    <property name="line.separator" value="
"/>
    <property name="java.vm.specification.vendor" value="Sun Microsystems Inc."/>
    <property name="os.name" value="Linux"/>
    <property name="sun.jnu.encoding" value="UTF-8"/>
    <property name="java.library.path" value="/usr/lib/jvm/java-1.6.0-openjdk-1.6.0.0.x86_64/jre/lib/amd64/server:/usr/lib/jvm/java-1.6.0-openjdk-1.6.0.0.x86_64/jre/lib/amd64:/usr/lib/jvm/java-1.6.0-openjdk-1.6.0.0.x86_64/jre/../lib/amd64:/usr/java/packages/lib/amd64:/usr/lib64:/lib64:/lib:/usr/lib"/>
    <property name="surefire.test.class.path" value="/home/asaleh/NetBeansProjects/TestParser/target/test-classes:/home/asaleh/NetBeansProjects/TestParser/target/classes:/home/asaleh/.m2/repository/junit/junit/3.8.1/junit-3.8.1.jar:/home/asaleh/.m2/repository/org/jenkins-ci/main/jenkins-core/1.403/jenkins-core-1.403.jar:/home/asaleh/.m2/repository/org/jenkins-ci/main/remoting/1.403/remoting-1.403.jar:/home/asaleh/.m2/repository/org/jenkins-ci/main/cli/1.403/cli-1.403.jar:/home/asaleh/.m2/repository/org/jvnet/localizer/localizer/1.10/localizer-1.10.jar:/home/asaleh/.m2/repository/org/jvnet/hudson/crypto-util/1.0/crypto-util-1.0.jar:/home/asaleh/.m2/repository/commons-io/commons-io/1.4/commons-io-1.4.jar:/home/asaleh/.m2/repository/org/jvnet/hudson/jtidy/4aug2000r7-dev-hudson-1/jtidy-4aug2000r7-dev-hudson-1.jar:/home/asaleh/.m2/repository/org/jruby/ext/posix/jna-posix/1.0.3/jna-posix-1.0.3.jar:/home/asaleh/.m2/repository/org/kohsuke/trilead-putty-extension/1.0/trilead-putty-extension-1.0.jar:/home/asaleh/.m2/repository/org/jvnet/hudson/trilead-ssh2/build212-hudson-5/trilead-ssh2-build212-hudson-5.jar:/home/asaleh/.m2/repository/org/kohsuke/stapler/stapler-jelly/1.159/stapler-jelly-1.159.jar:/home/asaleh/.m2/repository/org/kohsuke/stapler/stapler/1.159/stapler-1.159.jar:/home/asaleh/.m2/repository/commons-discovery/commons-discovery/0.4/commons-discovery-0.4.jar:/home/asaleh/.m2/repository/commons-logging/commons-logging/1.1/commons-logging-1.1.jar:/home/asaleh/.m2/repository/commons-beanutils/commons-beanutils/1.8.0/commons-beanutils-1.8.0.jar:/home/asaleh/.m2/repository/org/kohsuke/stapler/json-lib/2.1-rev6/json-lib-2.1-rev6.jar:/home/asaleh/.m2/repository/commons-collections/commons-collections/3.2/commons-collections-3.2.jar:/home/asaleh/.m2/repository/commons-lang/commons-lang/2.4/commons-lang-2.4.jar:/home/asaleh/.m2/repository/net/sf/ezmorph/ezmorph/1.0.3/ezmorph-1.0.3.jar:/home/asaleh/.m2/repository/org/jvnet/tiger-types/1.3/tiger-types-1.3.jar:/home/asaleh/.m2/repository/com/google/guava/guava/r06/guava-r06.jar:/home/asaleh/.m2/repository/commons-fileupload/commons-fileupload/1.2.1/commons-fileupload-1.2.1.jar:/home/asaleh/.m2/repository/org/jvnet/hudson/commons-jelly/1.1-hudson-20100305/commons-jelly-1.1-hudson-20100305.jar:/home/asaleh/.m2/repository/org/jvnet/hudson/commons-jexl/1.1-hudson-20090508/commons-jexl-1.1-hudson-20090508.jar:/home/asaleh/.m2/repository/org/jvnet/hudson/dom4j/dom4j/1.6.1-hudson-3/dom4j-1.6.1-hudson-3.jar:/home/asaleh/.m2/repository/org/kohsuke/stapler/stapler-adjunct-timeline/1.2/stapler-adjunct-timeline-1.2.jar:/home/asaleh/.m2/repository/com/infradna/tool/bridge-method-annotation/1.4/bridge-method-annotation-1.4.jar:/home/asaleh/.m2/repository/org/jvnet/hudson/annotation-indexer/1.2/annotation-indexer-1.2.jar:/home/asaleh/.m2/repository/args4j/args4j/2.0.16/args4j-2.0.16.jar:/home/asaleh/.m2/repository/org/jvnet/hudson/task-reactor/1.2/task-reactor-1.2.jar:/home/asaleh/.m2/repository/org/kohsuke/graph-layouter/1.0/graph-layouter-1.0.jar:/home/asaleh/.m2/repository/antlr/antlr/2.7.6/antlr-2.7.6.jar:/home/asaleh/.m2/repository/org/jvnet/hudson/xstream/1.3.1-hudson-8/xstream-1.3.1-hudson-8.jar:/home/asaleh/.m2/repository/xpp3/xpp3_min/1.1.4c/xpp3_min-1.1.4c.jar:/home/asaleh/.m2/repository/jfree/jfreechart/1.0.9/jfreechart-1.0.9.jar:/home/asaleh/.m2/repository/jfree/jcommon/1.0.12/jcommon-1.0.12.jar:/home/asaleh/.m2/repository/org/apache/ant/ant/1.8.0/ant-1.8.0.jar:/home/asaleh/.m2/repository/commons-digester/commons-digester/1.7/commons-digester-1.7.jar:/home/asaleh/.m2/repository/javax/mail/mail/1.4/mail-1.4.jar:/home/asaleh/.m2/repository/org/jvnet/hudson/activation/1.1.1-hudson-1/activation-1.1.1-hudson-1.jar:/home/asaleh/.m2/repository/jaxen/jaxen/1.1-beta-11/jaxen-1.1-beta-11.jar:/home/asaleh/.m2/repository/commons-jelly/commons-jelly-tags-fmt/1.0/commons-jelly-tags-fmt-1.0.jar:/home/asaleh/.m2/repository/commons-jelly/commons-jelly-tags-xml/1.1/commons-jelly-tags-xml-1.1.jar:/home/asaleh/.m2/repository/org/jvnet/hudson/commons-jelly-tags-define/1.0.1-hudson-20071021/commons-jelly-tags-define-1.0.1-hudson-20071021.jar:/home/asaleh/.m2/repository/org/acegisecurity/acegi-security/1.0.5/acegi-security-1.0.5.jar:/home/asaleh/.m2/repository/org/springframework/spring-core/2.5/spring-core-2.5.jar:/home/asaleh/.m2/repository/org/springframework/spring-jdbc/1.2.9/spring-jdbc-1.2.9.jar:/home/asaleh/.m2/repository/org/springframework/spring-beans/2.5/spring-beans-2.5.jar:/home/asaleh/.m2/repository/org/springframework/spring-dao/1.2.9/spring-dao-1.2.9.jar:/home/asaleh/.m2/repository/org/springframework/spring-context/2.5/spring-context-2.5.jar:/home/asaleh/.m2/repository/commons-codec/commons-codec/1.4/commons-codec-1.4.jar:/home/asaleh/.m2/repository/oro/oro/2.0.8/oro-2.0.8.jar:/home/asaleh/.m2/repository/log4j/log4j/1.2.9/log4j-1.2.9.jar:/home/asaleh/.m2/repository/org/codehaus/groovy/groovy-all/1.6.0/groovy-all-1.6.0.jar:/home/asaleh/.m2/repository/org/apache/ant/ant-launcher/1.7.1/ant-launcher-1.7.1.jar:/home/asaleh/.m2/repository/jline/jline/0.9.94/jline-0.9.94.jar:/home/asaleh/.m2/repository/org/springframework/spring-web/2.5/spring-web-2.5.jar:/home/asaleh/.m2/repository/aopalliance/aopalliance/1.0/aopalliance-1.0.jar:/home/asaleh/.m2/repository/org/springframework/spring-aop/2.5/spring-aop-2.5.jar:/home/asaleh/.m2/repository/xpp3/xpp3/1.1.4c/xpp3-1.1.4c.jar:/home/asaleh/.m2/repository/javax/servlet/jstl/1.1.0/jstl-1.1.0.jar:/home/asaleh/.m2/repository/logkit/logkit/1.0.1/logkit-1.0.1.jar:/home/asaleh/.m2/repository/avalon-framework/avalon-framework/4.1.3/avalon-framework-4.1.3.jar:/home/asaleh/.m2/repository/javax/servlet/servlet-api/2.3/servlet-api-2.3.jar:/home/asaleh/.m2/repository/com/sun/xml/txw2/txw2/20070624/txw2-20070624.jar:/home/asaleh/.m2/repository/org/jvnet/winp/winp/1.14/winp-1.14.jar:/home/asaleh/.m2/repository/org/jvnet/hudson/memory-monitor/1.3/memory-monitor-1.3.jar:/home/asaleh/.m2/repository/net/java/dev/jna/jna/3.2.4/jna-3.2.4.jar:/home/asaleh/.m2/repository/com/octo/captcha/jcaptcha-all/1.0-RC6/jcaptcha-all-1.0-RC6.jar:/home/asaleh/.m2/repository/commons-pool/commons-pool/1.3/commons-pool-1.3.jar:/home/asaleh/.m2/repository/org/codehaus/woodstox/wstx-asl/3.2.7/wstx-asl-3.2.7.jar:/home/asaleh/.m2/repository/stax/stax-api/1.0.1/stax-api-1.0.1.jar:/home/asaleh/.m2/repository/javax/jmdns/jmdns/3.4.0/jmdns-3.4.0.jar:/home/asaleh/.m2/repository/com/sun/akuma/akuma/1.4/akuma-1.4.jar:/home/asaleh/.m2/repository/org/jvnet/libpam4j/libpam4j/1.2/libpam4j-1.2.jar:/home/asaleh/.m2/repository/org/jvnet/libzfs/libzfs/0.5/libzfs-0.5.jar:/home/asaleh/.m2/repository/com/sun/solaris/embedded_su4j/1.1/embedded_su4j-1.1.jar:/home/asaleh/.m2/repository/net/java/sezpoz/sezpoz/1.7/sezpoz-1.7.jar:/home/asaleh/.m2/repository/org/jvnet/hudson/jinterop-wmi/1.0/jinterop-wmi-1.0.jar:/home/asaleh/.m2/repository/org/kohsuke/jinterop/jinterop-proxy/1.1/jinterop-proxy-1.1.jar:/home/asaleh/.m2/repository/org/kohsuke/jinterop/j-interop/2.0.5/j-interop-2.0.5.jar:/home/asaleh/.m2/repository/org/kohsuke/jinterop/j-interopdeps/2.0.5/j-interopdeps-2.0.5.jar:/home/asaleh/.m2/repository/org/samba/jcifs/jcifs/1.3.14-kohsuke-1/jcifs-1.3.14-kohsuke-1.jar:/home/asaleh/.m2/repository/org/jvnet/hudson/windows-remote-command/1.0/windows-remote-command-1.0.jar:/home/asaleh/.m2/repository/org/jvnet/robust-http-client/robust-http-client/1.1/robust-http-client-1.1.jar:/home/asaleh/.m2/repository/asm/asm-commons/2.2.3/asm-commons-2.2.3.jar:/home/asaleh/.m2/repository/asm/asm-tree/2.2.3/asm-tree-2.2.3.jar:/home/asaleh/.m2/repository/asm/asm/2.2.3/asm-2.2.3.jar:/home/asaleh/.m2/repository/org/kohsuke/access-modifier-annotation/1.0/access-modifier-annotation-1.0.jar:"/>
    <property name="java.specification.name" value="Java Platform API Specification"/>
    <property name="java.class.version" value="50.0"/>
    <property name="sun.management.compiler" value="HotSpot 64-Bit Tiered Compilers"/>
    <property name="os.version" value="3.1.0-7.fc16.x86_64"/>
    <property name="user.home" value="/home/asaleh"/>
    <property name="user.timezone" value=""/>
    <property name="java.awt.printerjob" value="sun.print.PSPrinterJob"/>
    <property name="file.encoding" value="UTF-8"/>
    <property name="java.specification.version" value="1.6"/>
    <property name="user.name" value="asaleh"/>
    <property name="java.class.path" value="/home/asaleh/NetBeansProjects/TestParser/target/test-classes:/home/asaleh/NetBeansProjects/TestParser/target/classes:/home/asaleh/.m2/repository/junit/junit/3.8.1/junit-3.8.1.jar:/home/asaleh/.m2/repository/org/jenkins-ci/main/jenkins-core/1.403/jenkins-core-1.403.jar:/home/asaleh/.m2/repository/org/jenkins-ci/main/remoting/1.403/remoting-1.403.jar:/home/asaleh/.m2/repository/org/jenkins-ci/main/cli/1.403/cli-1.403.jar:/home/asaleh/.m2/repository/org/jvnet/localizer/localizer/1.10/localizer-1.10.jar:/home/asaleh/.m2/repository/org/jvnet/hudson/crypto-util/1.0/crypto-util-1.0.jar:/home/asaleh/.m2/repository/commons-io/commons-io/1.4/commons-io-1.4.jar:/home/asaleh/.m2/repository/org/jvnet/hudson/jtidy/4aug2000r7-dev-hudson-1/jtidy-4aug2000r7-dev-hudson-1.jar:/home/asaleh/.m2/repository/org/jruby/ext/posix/jna-posix/1.0.3/jna-posix-1.0.3.jar:/home/asaleh/.m2/repository/org/kohsuke/trilead-putty-extension/1.0/trilead-putty-extension-1.0.jar:/home/asaleh/.m2/repository/org/jvnet/hudson/trilead-ssh2/build212-hudson-5/trilead-ssh2-build212-hudson-5.jar:/home/asaleh/.m2/repository/org/kohsuke/stapler/stapler-jelly/1.159/stapler-jelly-1.159.jar:/home/asaleh/.m2/repository/org/kohsuke/stapler/stapler/1.159/stapler-1.159.jar:/home/asaleh/.m2/repository/commons-discovery/commons-discovery/0.4/commons-discovery-0.4.jar:/home/asaleh/.m2/repository/commons-logging/commons-logging/1.1/commons-logging-1.1.jar:/home/asaleh/.m2/repository/commons-beanutils/commons-beanutils/1.8.0/commons-beanutils-1.8.0.jar:/home/asaleh/.m2/repository/org/kohsuke/stapler/json-lib/2.1-rev6/json-lib-2.1-rev6.jar:/home/asaleh/.m2/repository/commons-collections/commons-collections/3.2/commons-collections-3.2.jar:/home/asaleh/.m2/repository/commons-lang/commons-lang/2.4/commons-lang-2.4.jar:/home/asaleh/.m2/repository/net/sf/ezmorph/ezmorph/1.0.3/ezmorph-1.0.3.jar:/home/asaleh/.m2/repository/org/jvnet/tiger-types/1.3/tiger-types-1.3.jar:/home/asaleh/.m2/repository/com/google/guava/guava/r06/guava-r06.jar:/home/asaleh/.m2/repository/commons-fileupload/commons-fileupload/1.2.1/commons-fileupload-1.2.1.jar:/home/asaleh/.m2/repository/org/jvnet/hudson/commons-jelly/1.1-hudson-20100305/commons-jelly-1.1-hudson-20100305.jar:/home/asaleh/.m2/repository/org/jvnet/hudson/commons-jexl/1.1-hudson-20090508/commons-jexl-1.1-hudson-20090508.jar:/home/asaleh/.m2/repository/org/jvnet/hudson/dom4j/dom4j/1.6.1-hudson-3/dom4j-1.6.1-hudson-3.jar:/home/asaleh/.m2/repository/org/kohsuke/stapler/stapler-adjunct-timeline/1.2/stapler-adjunct-timeline-1.2.jar:/home/asaleh/.m2/repository/com/infradna/tool/bridge-method-annotation/1.4/bridge-method-annotation-1.4.jar:/home/asaleh/.m2/repository/org/jvnet/hudson/annotation-indexer/1.2/annotation-indexer-1.2.jar:/home/asaleh/.m2/repository/args4j/args4j/2.0.16/args4j-2.0.16.jar:/home/asaleh/.m2/repository/org/jvnet/hudson/task-reactor/1.2/task-reactor-1.2.jar:/home/asaleh/.m2/repository/org/kohsuke/graph-layouter/1.0/graph-layouter-1.0.jar:/home/asaleh/.m2/repository/antlr/antlr/2.7.6/antlr-2.7.6.jar:/home/asaleh/.m2/repository/org/jvnet/hudson/xstream/1.3.1-hudson-8/xstream-1.3.1-hudson-8.jar:/home/asaleh/.m2/repository/xpp3/xpp3_min/1.1.4c/xpp3_min-1.1.4c.jar:/home/asaleh/.m2/repository/jfree/jfreechart/1.0.9/jfreechart-1.0.9.jar:/home/asaleh/.m2/repository/jfree/jcommon/1.0.12/jcommon-1.0.12.jar:/home/asaleh/.m2/repository/org/apache/ant/ant/1.8.0/ant-1.8.0.jar:/home/asaleh/.m2/repository/commons-digester/commons-digester/1.7/commons-digester-1.7.jar:/home/asaleh/.m2/repository/javax/mail/mail/1.4/mail-1.4.jar:/home/asaleh/.m2/repository/org/jvnet/hudson/activation/1.1.1-hudson-1/activation-1.1.1-hudson-1.jar:/home/asaleh/.m2/repository/jaxen/jaxen/1.1-beta-11/jaxen-1.1-beta-11.jar:/home/asaleh/.m2/repository/commons-jelly/commons-jelly-tags-fmt/1.0/commons-jelly-tags-fmt-1.0.jar:/home/asaleh/.m2/repository/commons-jelly/commons-jelly-tags-xml/1.1/commons-jelly-tags-xml-1.1.jar:/home/asaleh/.m2/repository/org/jvnet/hudson/commons-jelly-tags-define/1.0.1-hudson-20071021/commons-jelly-tags-define-1.0.1-hudson-20071021.jar:/home/asaleh/.m2/repository/org/acegisecurity/acegi-security/1.0.5/acegi-security-1.0.5.jar:/home/asaleh/.m2/repository/org/springframework/spring-core/2.5/spring-core-2.5.jar:/home/asaleh/.m2/repository/org/springframework/spring-jdbc/1.2.9/spring-jdbc-1.2.9.jar:/home/asaleh/.m2/repository/org/springframework/spring-beans/2.5/spring-beans-2.5.jar:/home/asaleh/.m2/repository/org/springframework/spring-dao/1.2.9/spring-dao-1.2.9.jar:/home/asaleh/.m2/repository/org/springframework/spring-context/2.5/spring-context-2.5.jar:/home/asaleh/.m2/repository/commons-codec/commons-codec/1.4/commons-codec-1.4.jar:/home/asaleh/.m2/repository/oro/oro/2.0.8/oro-2.0.8.jar:/home/asaleh/.m2/repository/log4j/log4j/1.2.9/log4j-1.2.9.jar:/home/asaleh/.m2/repository/org/codehaus/groovy/groovy-all/1.6.0/groovy-all-1.6.0.jar:/home/asaleh/.m2/repository/org/apache/ant/ant-launcher/1.7.1/ant-launcher-1.7.1.jar:/home/asaleh/.m2/repository/jline/jline/0.9.94/jline-0.9.94.jar:/home/asaleh/.m2/repository/org/springframework/spring-web/2.5/spring-web-2.5.jar:/home/asaleh/.m2/repository/aopalliance/aopalliance/1.0/aopalliance-1.0.jar:/home/asaleh/.m2/repository/org/springframework/spring-aop/2.5/spring-aop-2.5.jar:/home/asaleh/.m2/repository/xpp3/xpp3/1.1.4c/xpp3-1.1.4c.jar:/home/asaleh/.m2/repository/javax/servlet/jstl/1.1.0/jstl-1.1.0.jar:/home/asaleh/.m2/repository/logkit/logkit/1.0.1/logkit-1.0.1.jar:/home/asaleh/.m2/repository/avalon-framework/avalon-framework/4.1.3/avalon-framework-4.1.3.jar:/home/asaleh/.m2/repository/javax/servlet/servlet-api/2.3/servlet-api-2.3.jar:/home/asaleh/.m2/repository/com/sun/xml/txw2/txw2/20070624/txw2-20070624.jar:/home/asaleh/.m2/repository/org/jvnet/winp/winp/1.14/winp-1.14.jar:/home/asaleh/.m2/repository/org/jvnet/hudson/memory-monitor/1.3/memory-monitor-1.3.jar:/home/asaleh/.m2/repository/net/java/dev/jna/jna/3.2.4/jna-3.2.4.jar:/home/asaleh/.m2/repository/com/octo/captcha/jcaptcha-all/1.0-RC6/jcaptcha-all-1.0-RC6.jar:/home/asaleh/.m2/repository/commons-pool/commons-pool/1.3/commons-pool-1.3.jar:/home/asaleh/.m2/repository/org/codehaus/woodstox/wstx-asl/3.2.7/wstx-asl-3.2.7.jar:/home/asaleh/.m2/repository/stax/stax-api/1.0.1/stax-api-1.0.1.jar:/home/asaleh/.m2/repository/javax/jmdns/jmdns/3.4.0/jmdns-3.4.0.jar:/home/asaleh/.m2/repository/com/sun/akuma/akuma/1.4/akuma-1.4.jar:/home/asaleh/.m2/repository/org/jvnet/libpam4j/libpam4j/1.2/libpam4j-1.2.jar:/home/asaleh/.m2/repository/org/jvnet/libzfs/libzfs/0.5/libzfs-0.5.jar:/home/asaleh/.m2/repository/com/sun/solaris/embedded_su4j/1.1/embedded_su4j-1.1.jar:/home/asaleh/.m2/repository/net/java/sezpoz/sezpoz/1.7/sezpoz-1.7.jar:/home/asaleh/.m2/repository/org/jvnet/hudson/jinterop-wmi/1.0/jinterop-wmi-1.0.jar:/home/asaleh/.m2/repository/org/kohsuke/jinterop/jinterop-proxy/1.1/jinterop-proxy-1.1.jar:/home/asaleh/.m2/repository/org/kohsuke/jinterop/j-interop/2.0.5/j-interop-2.0.5.jar:/home/asaleh/.m2/repository/org/kohsuke/jinterop/j-interopdeps/2.0.5/j-interopdeps-2.0.5.jar:/home/asaleh/.m2/repository/org/samba/jcifs/jcifs/1.3.14-kohsuke-1/jcifs-1.3.14-kohsuke-1.jar:/home/asaleh/.m2/repository/org/jvnet/hudson/windows-remote-command/1.0/windows-remote-command-1.0.jar:/home/asaleh/.m2/repository/org/jvnet/robust-http-client/robust-http-client/1.1/robust-http-client-1.1.jar:/home/asaleh/.m2/repository/asm/asm-commons/2.2.3/asm-commons-2.2.3.jar:/home/asaleh/.m2/repository/asm/asm-tree/2.2.3/asm-tree-2.2.3.jar:/home/asaleh/.m2/repository/asm/asm/2.2.3/asm-2.2.3.jar:/home/asaleh/.m2/repository/org/kohsuke/access-modifier-annotation/1.0/access-modifier-annotation-1.0.jar:"/>
    <property name="java.vm.specification.version" value="1.0"/>
    <property name="sun.arch.data.model" value="64"/>
    <property name="java.home" value="/usr/lib/jvm/java-1.6.0-openjdk-1.6.0.0.x86_64/jre"/>
    <property name="sun.java.command" value="/tmp/surefirebooter6379772728929932344.jar /tmp/surefire4008888243139739703tmp /tmp/surefire8660900039684256562tmp"/>
    <property name="java.specification.vendor" value="Sun Microsystems Inc."/>
    <property name="user.language" value="en"/>
    <property name="java.vm.info" value="mixed mode"/>
    <property name="java.version" value="1.6.0_24"/>
    <property name="java.ext.dirs" value="/usr/lib/jvm/java-1.6.0-openjdk-1.6.0.0.x86_64/jre/lib/ext:/usr/java/packages/lib/ext"/>
    <property name="sun.boot.class.path" value="/usr/lib/jvm/java-1.6.0-openjdk-1.6.0.0.x86_64/jre/lib/resources.jar:/usr/lib/jvm/java-1.6.0-openjdk-1.6.0.0.x86_64/jre/lib/rt.jar:/usr/lib/jvm/java-1.6.0-openjdk-1.6.0.0.x86_64/jre/lib/sunrsasign.jar:/usr/lib/jvm/java-1.6.0-openjdk-1.6.0.0.x86_64/jre/lib/jsse.jar:/usr/lib/jvm/java-1.6.0-openjdk-1.6.0.0.x86_64/jre/lib/jce.jar:/usr/lib/jvm/java-1.6.0-openjdk-1.6.0.0.x86_64/jre/lib/charsets.jar:/usr/lib/jvm/java-1.6.0-openjdk-1.6.0.0.x86_64/jre/lib/netx.jar:/usr/lib/jvm/java-1.6.0-openjdk-1.6.0.0.x86_64/jre/lib/plugin.jar:/usr/lib/jvm/java-1.6.0-openjdk-1.6.0.0.x86_64/jre/lib/rhino.jar:/usr/lib/jvm/java-1.6.0-openjdk-1.6.0.0.x86_64/jre/lib/modules/jdk.boot.jar:/usr/lib/jvm/java-1.6.0-openjdk-1.6.0.0.x86_64/jre/classes"/>
    <property name="java.vendor" value="Sun Microsystems Inc."/>
    <property name="localRepository" value="/home/asaleh/.m2/repository"/>
    <property name="file.separator" value="/"/>
    <property name="java.vendor.url.bug" value="http://java.sun.com/cgi-bin/bugreport.cgi"/>
    <property name="sun.cpu.endian" value="little"/>
    <property name="sun.io.unicode.encoding" value="UnicodeLittle"/>
    <property name="sun.cpu.isalist" value=""/>
  </properties>
  <testcase time="0.001" classname="com.redhat.engineering.jenkins.testparser.AppTest" name="testApp"/>
</testsuite>